-------------------------------------------------------------------------------
Test set: com.tecmx.ordermanagement.service.OrderServiceTest$AddProductToOrderTests
-------------------------------------------------------------------------------
Tests run: 5, Failures: 2, Errors: 0, Skipped: 0, Time elapsed: 0.043 s <<< FAILURE! -- in com.tecmx.ordermanagement.service.OrderServiceTest$AddProductToOrderTests
com.tecmx.ordermanagement.service.OrderServiceTest$AddProductToOrderTests.shouldThrowResourceNotFoundWhenOrderDoesNotExist -- Time elapsed: 0.010 s <<< FAILURE!
org.opentest4j.AssertionFailedError: Unexpected exception type thrown, expected: <com.tecmx.ordermanagement.exception.ResourceNotFoundException> but was: <com.tecmx.ordermanagement.exception.BusinessRuleException>
	at org.junit.jupiter.api.AssertionFailureBuilder.build(AssertionFailureBuilder.java:151)
	at org.junit.jupiter.api.AssertThrows.assertThrows(AssertThrows.java:67)
	at org.junit.jupiter.api.AssertThrows.assertThrows(AssertThrows.java:35)
	at org.junit.jupiter.api.Assertions.assertThrows(Assertions.java:3115)
	at com.tecmx.ordermanagement.service.OrderServiceTest$AddProductToOrderTests.shouldThrowResourceNotFoundWhenOrderDoesNotExist(OrderServiceTest.java:160)
	at java.base/java.lang.reflect.Method.invoke(Method.java:569)
	at java.base/java.util.ArrayList.forEach(ArrayList.java:1511)
	at java.base/java.util.ArrayList.forEach(ArrayList.java:1511)
	at java.base/java.util.ArrayList.forEach(ArrayList.java:1511)
Caused by: com.tecmx.ordermanagement.exception.BusinessRuleException: Order no encontrada: ORD-404
	at com.tecmx.ordermanagement.service.OrderService.lambda$0(OrderService.java:41)
	at java.base/java.util.Optional.orElseThrow(Optional.java:403)
	at com.tecmx.ordermanagement.service.OrderService.findOrderOrThrow(OrderService.java:41)
	at com.tecmx.ordermanagement.service.OrderService.addProductToOrder(OrderService.java:83)
	at com.tecmx.ordermanagement.service.OrderServiceTest$AddProductToOrderTests.lambda$2(OrderServiceTest.java:161)
	at org.junit.jupiter.api.AssertThrows.assertThrows(AssertThrows.java:53)
	... 7 more

com.tecmx.ordermanagement.service.OrderServiceTest$AddProductToOrderTests.shouldThrowResourceNotFoundWhenProductDoesNotExist -- Time elapsed: 0.004 s <<< FAILURE!
org.opentest4j.AssertionFailedError: Unexpected exception type thrown, expected: <com.tecmx.ordermanagement.exception.ResourceNotFoundException> but was: <com.tecmx.ordermanagement.exception.BusinessRuleException>
	at org.junit.jupiter.api.AssertionFailureBuilder.build(AssertionFailureBuilder.java:151)
	at org.junit.jupiter.api.AssertThrows.assertThrows(AssertThrows.java:67)
	at org.junit.jupiter.api.AssertThrows.assertThrows(AssertThrows.java:35)
	at org.junit.jupiter.api.Assertions.assertThrows(Assertions.java:3115)
	at com.tecmx.ordermanagement.service.OrderServiceTest$AddProductToOrderTests.shouldThrowResourceNotFoundWhenProductDoesNotExist(OrderServiceTest.java:175)
	at java.base/java.lang.reflect.Method.invoke(Method.java:569)
	at java.base/java.util.ArrayList.forEach(ArrayList.java:1511)
	at java.base/java.util.ArrayList.forEach(ArrayList.java:1511)
	at java.base/java.util.ArrayList.forEach(ArrayList.java:1511)
Caused by: com.tecmx.ordermanagement.exception.BusinessRuleException: Product no encontrado: PROD-404
	at com.tecmx.ordermanagement.service.OrderService.lambda$1(OrderService.java:46)
	at java.base/java.util.Optional.orElseThrow(Optional.java:403)
	at com.tecmx.ordermanagement.service.OrderService.findProductOrThrow(OrderService.java:46)
	at com.tecmx.ordermanagement.service.OrderService.addProductToOrder(OrderService.java:84)
	at com.tecmx.ordermanagement.service.OrderServiceTest$AddProductToOrderTests.lambda$3(OrderServiceTest.java:176)
	at org.junit.jupiter.api.AssertThrows.assertThrows(AssertThrows.java:53)
	... 7 more

