-------------------------------------------------------------------------------
Test set: com.tecmx.ordermanagement.service.OrderServiceTest$CancelOrderTests
-------------------------------------------------------------------------------
Tests run: 5, Failures: 2, Errors: 0, Skipped: 0, Time elapsed: 0.028 s <<< FAILURE! -- in com.tecmx.ordermanagement.service.OrderServiceTest$CancelOrderTests
com.tecmx.ordermanagement.service.OrderServiceTest$CancelOrderTests.shouldThrowBusinessRuleExceptionWhenOrderIsAlreadyCancelled -- Time elapsed: 0.005 s <<< FAILURE!
org.opentest4j.AssertionFailedError: Expected com.tecmx.ordermanagement.exception.BusinessRuleException to be thrown, but nothing was thrown.
	at org.junit.jupiter.api.AssertionFailureBuilder.build(AssertionFailureBuilder.java:152)
	at org.junit.jupiter.api.AssertThrows.assertThrows(AssertThrows.java:73)
	at org.junit.jupiter.api.AssertThrows.assertThrows(AssertThrows.java:35)
	at org.junit.jupiter.api.Assertions.assertThrows(Assertions.java:3115)
	at com.tecmx.ordermanagement.service.OrderServiceTest$CancelOrderTests.shouldThrowBusinessRuleExceptionWhenOrderIsAlreadyCancelled(OrderServiceTest.java:339)
	at java.base/java.lang.reflect.Method.invoke(Method.java:569)
	at java.base/java.util.ArrayList.forEach(ArrayList.java:1511)
	at java.base/java.util.ArrayList.forEach(ArrayList.java:1511)
	at java.base/java.util.ArrayList.forEach(ArrayList.java:1511)

com.tecmx.ordermanagement.service.OrderServiceTest$CancelOrderTests.shouldThrowResourceNotFoundWhenOrderDoesNotExist -- Time elapsed: 0.004 s <<< FAILURE!
org.opentest4j.AssertionFailedError: Unexpected exception type thrown, expected: <com.tecmx.ordermanagement.exception.ResourceNotFoundException> but was: <com.tecmx.ordermanagement.exception.BusinessRuleException>
	at org.junit.jupiter.api.AssertionFailureBuilder.build(AssertionFailureBuilder.java:151)
	at org.junit.jupiter.api.AssertThrows.assertThrows(AssertThrows.java:67)
	at org.junit.jupiter.api.AssertThrows.assertThrows(AssertThrows.java:35)
	at org.junit.jupiter.api.Assertions.assertThrows(Assertions.java:3115)
	at com.tecmx.ordermanagement.service.OrderServiceTest$CancelOrderTests.shouldThrowResourceNotFoundWhenOrderDoesNotExist(OrderServiceTest.java:351)
	at java.base/java.lang.reflect.Method.invoke(Method.java:569)
	at java.base/java.util.ArrayList.forEach(ArrayList.java:1511)
	at java.base/java.util.ArrayList.forEach(ArrayList.java:1511)
	at java.base/java.util.ArrayList.forEach(ArrayList.java:1511)
Caused by: com.tecmx.ordermanagement.exception.BusinessRuleException: Order no encontrada: ORD-404
	at com.tecmx.ordermanagement.service.OrderService.lambda$0(OrderService.java:41)
	at java.base/java.util.Optional.orElseThrow(Optional.java:403)
	at com.tecmx.ordermanagement.service.OrderService.findOrderOrThrow(OrderService.java:41)
	at com.tecmx.ordermanagement.service.OrderService.cancelOrder(OrderService.java:141)
	at com.tecmx.ordermanagement.service.OrderServiceTest$CancelOrderTests.lambda$4(OrderServiceTest.java:351)
	at org.junit.jupiter.api.AssertThrows.assertThrows(AssertThrows.java:53)
	... 7 more

