-------------------------------------------------------------------------------
Test set: com.tecmx.ordermanagement.service.OrderServiceTest$ConfirmOrderTests
-------------------------------------------------------------------------------
Tests run: 4, Failures: 1, Errors: 0, Skipped: 0, Time elapsed: 0.022 s <<< FAILURE! -- in com.tecmx.ordermanagement.service.OrderServiceTest$ConfirmOrderTests
com.tecmx.ordermanagement.service.OrderServiceTest$ConfirmOrderTests.shouldThrowResourceNotFoundWhenOrderDoesNotExist -- Time elapsed: 0.003 s <<< FAILURE!
org.opentest4j.AssertionFailedError: Unexpected exception type thrown, expected: <com.tecmx.ordermanagement.exception.ResourceNotFoundException> but was: <com.tecmx.ordermanagement.exception.BusinessRuleException>
	at org.junit.jupiter.api.AssertionFailureBuilder.build(AssertionFailureBuilder.java:151)
	at org.junit.jupiter.api.AssertThrows.assertThrows(AssertThrows.java:67)
	at org.junit.jupiter.api.AssertThrows.assertThrows(AssertThrows.java:35)
	at org.junit.jupiter.api.Assertions.assertThrows(Assertions.java:3115)
	at com.tecmx.ordermanagement.service.OrderServiceTest$ConfirmOrderTests.shouldThrowResourceNotFoundWhenOrderDoesNotExist(OrderServiceTest.java:271)
	at java.base/java.lang.reflect.Method.invoke(Method.java:569)
	at java.base/java.util.ArrayList.forEach(ArrayList.java:1511)
	at java.base/java.util.ArrayList.forEach(ArrayList.java:1511)
	at java.base/java.util.ArrayList.forEach(ArrayList.java:1511)
Caused by: com.tecmx.ordermanagement.exception.BusinessRuleException: Order no encontrada: ORD-404
	at com.tecmx.ordermanagement.service.OrderService.lambda$0(OrderService.java:41)
	at java.base/java.util.Optional.orElseThrow(Optional.java:403)
	at com.tecmx.ordermanagement.service.OrderService.findOrderOrThrow(OrderService.java:41)
	at com.tecmx.ordermanagement.service.OrderService.confirmOrder(OrderService.java:113)
	at com.tecmx.ordermanagement.service.OrderServiceTest$ConfirmOrderTests.lambda$3(OrderServiceTest.java:271)
	at org.junit.jupiter.api.AssertThrows.assertThrows(AssertThrows.java:53)
	... 7 more

