<?xml version="1.0" encoding="UTF-8"?>
<testsuite xmlns:xsi="http://www.w3.org/2001/XMLSchema-instance" xsi:noNamespaceSchemaLocation="https://maven.apache.org/surefire/maven-surefire-plugin/xsd/surefire-test-report-3.0.xsd" version="3.0" name="com.tecmx.ordermanagement.service.InventoryServiceTest$CheckStockTests" time="1.961" tests="2" errors="0" skipped="0" failures="0">
  <properties>
[...]
</properties>
  <testcase name="shouldReturnStockWhenProductExists" classname="com.tecmx.ordermanagement.service.InventoryServiceTest$CheckStockTests" time="1.937">
    <system-out><![CDATA[2026-04-08 21:25:56.197 [main] DEBUG c.t.o.service.InventoryService - Stock check for PROD-001: 10
]]></system-out>
  </testcase>
  <testcase name="shouldThrowResourceNotFoundWhenProductDoesNotExist" classname="com.tecmx.ordermanagement.service.InventoryServiceTest$CheckStockTests" time="0.006"/>
</testsuite>