<?xml version="1.0" encoding="UTF-8"?>
<testsuite xmlns:xsi="http://www.w3.org/2001/XMLSchema-instance" xsi:noNamespaceSchemaLocation="https://maven.apache.org/surefire/maven-surefire-plugin/xsd/surefire-test-report-3.0.xsd" version="3.0" name="com.tecmx.ordermanagement.model.ModelTests" time="0.028" tests="6" errors="0" skipped="0" failures="0">
  <properties>
[...]
</properties>
  <testcase name="orderTotalShouldSumAllSubtotals" classname="com.tecmx.ordermanagement.model.ModelTests" time="0.011">
    <system-out><![CDATA[2026-04-07 23:29:03.173 [main] DEBUG c.t.ordermanagement.model.OrderItem - Subtotal calculated for product P-3: 100.0
2026-04-07 23:29:03.173 [main] DEBUG c.t.ordermanagement.model.OrderItem - Subtotal calculated for product P-4: 90.0
2026-04-07 23:29:03.173 [main] INFO  c.tecmx.ordermanagement.model.Order - Total calculated for order O-1: 190.0
]]></system-out>
  </testcase>
  <testcase name="orderShouldHaveCreatedStatusByDefault" classname="com.tecmx.ordermanagement.model.ModelTests" time="0.002"/>
  <testcase name="orderItemSubtotalShouldThrowWhenQuantityInvalid" classname="com.tecmx.ordermanagement.model.ModelTests" time="0.001"/>
  <testcase name="productShouldStoreAllFields" classname="com.tecmx.ordermanagement.model.ModelTests" time="0.001"/>
  <testcase name="orderItemSubtotalShouldBeCorrect" classname="com.tecmx.ordermanagement.model.ModelTests" time="0.001">
    <system-out><![CDATA[2026-04-07 23:29:03.197 [main] DEBUG c.t.ordermanagement.model.OrderItem - Subtotal calculated for product P-1: 300.0
]]></system-out>
  </testcase>
  <testcase name="orderTotalShouldThrowWhenNoItems" classname="com.tecmx.ordermanagement.model.ModelTests" time="0.001"/>
</testsuite>