<?xml version="1.0" encoding="UTF-8"?>
<testsuite xmlns:xsi="http://www.w3.org/2001/XMLSchema-instance" xsi:noNamespaceSchemaLocation="https://maven.apache.org/surefire/maven-surefire-plugin/xsd/surefire-test-report-3.0.xsd" version="3.0" name="com.tecmx.ordermanagement.service.OrderServiceTest$GetOrderTests" time="0.009" tests="2" errors="0" skipped="0" failures="1">
  <properties>
[...]
</properties>
  <testcase name="shouldThrowResourceNotFoundWhenOrderDoesNotExist" classname="com.tecmx.ordermanagement.service.OrderServiceTest$GetOrderTests" time="0.003">
    <failure message="Unexpected exception type thrown, expected: &lt;com.tecmx.ordermanagement.exception.ResourceNotFoundException&gt; but was: &lt;com.tecmx.ordermanagement.exception.BusinessRuleException&gt;" type="org.opentest4j.AssertionFailedError"><![CDATA[org.opentest4j.AssertionFailedError: Unexpected exception type thrown, expected: <com.tecmx.ordermanagement.exception.ResourceNotFoundException> but was: <com.tecmx.ordermanagement.exception.BusinessRuleException>
	at org.junit.jupiter.api.AssertionFailureBuilder.build(AssertionFailureBuilder.java:151)
	at org.junit.jupiter.api.AssertThrows.assertThrows(AssertThrows.java:67)
	at org.junit.jupiter.api.AssertThrows.assertThrows(AssertThrows.java:35)
	at org.junit.jupiter.api.Assertions.assertThrows(Assertions.java:3115)
	at com.tecmx.ordermanagement.service.OrderServiceTest$GetOrderTests.shouldThrowResourceNotFoundWhenOrderDoesNotExist(OrderServiceTest.java:387)
	at java.base/java.lang.reflect.Method.invoke(Method.java:569)
	at java.base/java.util.ArrayList.forEach(ArrayList.java:1511)
	at java.base/java.util.ArrayList.forEach(ArrayList.java:1511)
	at java.base/java.util.ArrayList.forEach(ArrayList.java:1511)
Caused by: com.tecmx.ordermanagement.exception.BusinessRuleException: Order no encontrada: ORD-404
	at com.tecmx.ordermanagement.service.OrderService.lambda$0(OrderService.java:41)
	at java.base/java.util.Optional.orElseThrow(Optional.java:403)
	at com.tecmx.ordermanagement.service.OrderService.findOrderOrThrow(OrderService.java:41)
	at com.tecmx.ordermanagement.service.OrderService.getOrder(OrderService.java:170)
	at com.tecmx.ordermanagement.service.OrderServiceTest$GetOrderTests.lambda$0(OrderServiceTest.java:387)
	at org.junit.jupiter.api.AssertThrows.assertThrows(AssertThrows.java:53)
	... 7 more
]]></failure>
  </testcase>
  <testcase name="shouldReturnOrderWhenFound" classname="com.tecmx.ordermanagement.service.OrderServiceTest$GetOrderTests" time="0.003">
    <system-out><![CDATA[2026-04-07 23:29:03.167 [main] DEBUG c.t.o.service.OrderService - Retrieved order: ORD-001
]]></system-out>
  </testcase>
</testsuite>